0 0 1
{1: [13, 4]}
0 1 2
{1: [13, 4], 2: [14]}
0 2 3
{1: [13, 4], 2: [14], 3: [15]}
0 3 4
{1: [13, 4], 2: [14], 3: [15], 4: [16]}
1 0 5
{1: [13, 4], 2: [14], 3: [15], 4: [16], 5: [8]}
1 1 6
{1: [13, 4], 2: [14], 3: [15], 4: [16], 5: [8], 6: []}
1 2 7
{1: [13, 4], 2: [14], 3: [15], 4: [16], 5: [8], 6: [], 7: []}
1 3 8
{1: [13, 4], 2: [14], 3: [15], 4: [16], 5: [8], 6: [], 7: [], 8: []}
2 0 9
{1: [13, 4], 2: [14], 3: [15], 4: [16], 5: [8], 6: [], 7: [], 8: [], 9: [12]}
2 1 10
{1: [13, 4], 2: [14], 3: [15], 4: [16], 5: [8], 6: [], 7: [], 8: [], 9: [12], 10: []}
2 2 11
{1: [13, 4], 2: [14], 3: [15], 4: [16], 5: [8], 6: [], 7: [], 8: [], 9: [12], 10: [], 11: []}
2 3 12
{1: [13, 4], 2: [14], 3: [15], 4: [16], 5: [8], 6: [], 7: [], 8: [], 9: [12], 10: [], 11: [], 12: []}
3 0 13
{1: [13, 4], 2: [14], 3: [15], 4: [16], 5: [8], 6: [], 7: [], 8: [], 9: [12], 10: [], 11: [], 12: [], 13: [16]}
3 1 14
{1: [13, 4], 2: [14], 3: [15], 4: [16], 5: [8], 6: [], 7: [], 8: [], 9: [12], 10: [], 11: [], 12: [], 13: [16], 14: []}
3 2 15
{1: [13, 4], 2: [14], 3: [15], 4: [16], 5: [8], 6: [], 7: [], 8: [], 9: [12], 10: [], 11: [], 12: [], 13: [16], 14: [], 15: []}
3 3 16
{1: [13, 4], 2: [14], 3: [15], 4: [16], 5: [8], 6: [], 7: [], 8: [], 9: [12], 10: [], 11: [], 12: [], 13: [16], 14: [], 15: [], 16: []}
0 0 1
{1: [7, 43]}
0 1 8
{1: [7, 43], 8: [14]}
0 2 15
{1: [7, 43], 8: [14], 15: [21]}
0 3 22
{1: [7, 43], 8: [14], 15: [21], 22: [28]}
0 4 29
{1: [7, 43], 8: [14], 15: [21], 22: [28], 29: [35]}
0 5 36
{1: [7, 43], 8: [14], 15: [21], 22: [28], 29: [35], 36: [42]}
0 6 43
{1: [7, 43], 8: [14], 15: [21], 22: [28], 29: [35], 36: [42], 43: [49]}
1 0 2
{1: [7, 43], 8: [14], 15: [21], 22: [28], 29: [35], 36: [42], 43: [49], 2: [44]}
1 1 9
{1: [7, 43], 8: [14], 15: [21], 22: [28], 29: [35], 36: [42], 43: [49], 2: [44], 9: []}
1 2 16
{1: [7, 43], 8: [14], 15: [21], 22: [28], 29: [35], 36: [42], 43: [49], 2: [44], 9: [], 16: []}
1 3 23
{1: [7, 43], 8: [14], 15: [21], 22: [28], 29: [35], 36: [42], 43: [49], 2: [44], 9: [], 16: [], 23: []}
1 4 30
{1: [7, 43], 8: [14], 15: [21], 22: [28], 29: [35], 36: [42], 43: [49], 2: [44], 9: [], 16: [], 23: [], 30: []}
1 5 37
{1: [7, 43], 8: [14], 15: [21], 22: [28], 29: [35], 36: [42], 43: [49], 2: [44], 9: [], 16: [], 23: [], 30: [], 37: []}
1 6 44
{1: [7, 43], 8: [14], 15: [21], 22: [28], 29: [35], 36: [42], 43: [49], 2: [44], 9: [], 16: [], 23: [], 30: [], 37: [], 44: []}
2 0 3
{1: [7, 43], 8: [14], 15: [21], 22: [28], 29: [35], 36: [42], 43: [49], 2: [44], 9: [], 16: [], 23: [], 30: [], 37: [], 44: [], 3: [45]}
2 1 10
{1: [7, 43], 8: [14], 15: [21], 22: [28], 29: [35], 36: [42], 43: [49], 2: [44], 9: [], 16: [], 23: [], 30: [], 37: [], 44: [], 3: [45], 10: []}
2 2 17
{1: [7, 43], 8: [14], 15: [21], 22: [28], 29: [35], 36: [42], 43: [49], 2: [44], 9: [], 16: [], 23: [], 30: [], 37: [], 44: [], 3: [45], 10: [], 17: []}
2 3 24
{1: [7, 43], 8: [14], 15: [21], 22: [28], 29: [35], 36: [42], 43: [49], 2: [44], 9: [], 16: [], 23: [], 30: [], 37: [], 44: [], 3: [45], 10: [], 17: [], 24: []}
2 4 31
{1: [7, 43], 8: [14], 15: [21], 22: [28], 29: [35], 36: [42], 43: [49], 2: [44], 9: [], 16: [], 23: [], 30: [], 37: [], 44: [], 3: [45], 10: [], 17: [], 24: [], 31: []}
2 5 38
{1: [7, 43], 8: [14], 15: [21], 22: [28], 29: [35], 36: [42], 43: [49], 2: [44], 9: [], 16: [], 23: [], 30: [], 37: [], 44: [], 3: [45], 10: [], 17: [], 24: [], 31: [], 38: []}
2 6 45
{1: [7, 43], 8: [14], 15: [21], 22: [28], 29: [35], 36: [42], 43: [49], 2: [44], 9: [], 16: [], 23: [], 30: [], 37: [], 44: [], 3: [45], 10: [], 17: [], 24: [], 31: [], 38: [], 45: []}
3 0 4
{1: [7, 43], 8: [14], 15: [21], 22: [28], 29: [35], 36: [42], 43: [49], 2: [44], 9: [], 16: [], 23: [], 30: [], 37: [], 44: [], 3: [45], 10: [], 17: [], 24: [], 31: [], 38: [], 45: [], 4: [46]}
3 1 11
{1: [7, 43], 8: [14], 15: [21], 22: [28], 29: [35], 36: [42], 43: [49], 2: [44], 9: [], 16: [], 23: [], 30: [], 37: [], 44: [], 3: [45], 10: [], 17: [], 24: [], 31: [], 38: [], 45: [], 4: [46], 11: []}
3 2 18
{1: [7, 43], 8: [14], 15: [21], 22: [28], 29: [35], 36: [42], 43: [49], 2: [44], 9: [], 16: [], 23: [], 30: [], 37: [], 44: [], 3: [45], 10: [], 17: [], 24: [], 31: [], 38: [], 45: [], 4: [46], 11: [], 18: []}
3 3 25
{1: [7, 43], 8: [14], 15: [21], 22: [28], 29: [35], 36: [42], 43: [49], 2: [44], 9: [], 16: [], 23: [], 30: [], 37: [], 44: [], 3: [45], 10: [], 17: [], 24: [], 31: [], 38: [], 45: [], 4: [46], 11: [], 18: [], 25: []}
3 4 32
{1: [7, 43], 8: [14], 15: [21], 22: [28], 29: [35], 36: [42], 43: [49], 2: [44], 9: [], 16: [], 23: [], 30: [], 37: [], 44: [], 3: [45], 10: [], 17: [], 24: [], 31: [], 38: [], 45: [], 4: [46], 11: [], 18: [], 25: [], 32: []}
3 5 39
{1: [7, 43], 8: [14], 15: [21], 22: [28], 29: [35], 36: [42], 43: [49], 2: [44], 9: [], 16: [], 23: [], 30: [], 37: [], 44: [], 3: [45], 10: [], 17: [], 24: [], 31: [], 38: [], 45: [], 4: [46], 11: [], 18: [], 25: [], 32: [], 39: []}
3 6 46
{1: [7, 43], 8: [14], 15: [21], 22: [28], 29: [35], 36: [42], 43: [49], 2: [44], 9: [], 16: [], 23: [], 30: [], 37: [], 44: [], 3: [45], 10: [], 17: [], 24: [], 31: [], 38: [], 45: [], 4: [46], 11: [], 18: [], 25: [], 32: [], 39: [], 46: []}
4 0 5
{1: [7, 43], 8: [14], 15: [21], 22: [28], 29: [35], 36: [42], 43: [49], 2: [44], 9: [], 16: [], 23: [], 30: [], 37: [], 44: [], 3: [45], 10: [], 17: [], 24: [], 31: [], 38: [], 45: [], 4: [46], 11: [], 18: [], 25: [], 32: [], 39: [], 46: [], 5: [47]}
4 1 12
{1: [7, 43], 8: [14], 15: [21], 22: [28], 29: [35], 36: [42], 43: [49], 2: [44], 9: [], 16: [], 23: [], 30: [], 37: [], 44: [], 3: [45], 10: [], 17: [], 24: [], 31: [], 38: [], 45: [], 4: [46], 11: [], 18: [], 25: [], 32: [], 39: [], 46: [], 5: [47], 12: []}
4 2 19
{1: [7, 43], 8: [14], 15: [21], 22: [28], 29: [35], 36: [42], 43: [49], 2: [44], 9: [], 16: [], 23: [], 30: [], 37: [], 44: [], 3: [45], 10: [], 17: [], 24: [], 31: [], 38: [], 45: [], 4: [46], 11: [], 18: [], 25: [], 32: [], 39: [], 46: [], 5: [47], 12: [], 19: []}
4 3 26
{1: [7, 43], 8: [14], 15: [21], 22: [28], 29: [35], 36: [42], 43: [49], 2: [44], 9: [], 16: [], 23: [], 30: [], 37: [], 44: [], 3: [45], 10: [], 17: [], 24: [], 31: [], 38: [], 45: [], 4: [46], 11: [], 18: [], 25: [], 32: [], 39: [], 46: [], 5: [47], 12: [], 19: [], 26: []}
4 4 33
{1: [7, 43], 8: [14], 15: [21], 22: [28], 29: [35], 36: [42], 43: [49], 2: [44], 9: [], 16: [], 23: [], 30: [], 37: [], 44: [], 3: [45], 10: [], 17: [], 24: [], 31: [], 38: [], 45: [], 4: [46], 11: [], 18: [], 25: [], 32: [], 39: [], 46: [], 5: [47], 12: [], 19: [], 26: [], 33: []}
4 5 40
{1: [7, 43], 8: [14], 15: [21], 22: [28], 29: [35], 36: [42], 43: [49], 2: [44], 9: [], 16: [], 23: [], 30: [], 37: [], 44: [], 3: [45], 10: [], 17: [], 24: [], 31: [], 38: [], 45: [], 4: [46], 11: [], 18: [], 25: [], 32: [], 39: [], 46: [], 5: [47], 12: [], 19: [], 26: [], 33: [], 40: []}
4 6 47
{1: [7, 43], 8: [14], 15: [21], 22: [28], 29: [35], 36: [42], 43: [49], 2: [44], 9: [], 16: [], 23: [], 30: [], 37: [], 44: [], 3: [45], 10: [], 17: [], 24: [], 31: [], 38: [], 45: [], 4: [46], 11: [], 18: [], 25: [], 32: [], 39: [], 46: [], 5: [47], 12: [], 19: [], 26: [], 33: [], 40: [], 47: []}
5 0 6
{1: [7, 43], 8: [14], 15: [21], 22: [28], 29: [35], 36: [42], 43: [49], 2: [44], 9: [], 16: [], 23: [], 30: [], 37: [], 44: [], 3: [45], 10: [], 17: [], 24: [], 31: [], 38: [], 45: [], 4: [46], 11: [], 18: [], 25: [], 32: [], 39: [], 46: [], 5: [47], 12: [], 19: [], 26: [], 33: [], 40: [], 47: [], 6: [48]}
5 1 13
{1: [7, 43], 8: [14], 15: [21], 22: [28], 29: [35], 36: [42], 43: [49], 2: [44], 9: [], 16: [], 23: [], 30: [], 37: [], 44: [], 3: [45], 10: [], 17: [], 24: [], 31: [], 38: [], 45: [], 4: [46], 11: [], 18: [], 25: [], 32: [], 39: [], 46: [], 5: [47], 12: [], 19: [], 26: [], 33: [], 40: [], 47: [], 6: [48], 13: []}
5 2 20
{1: [7, 43], 8: [14], 15: [21], 22: [28], 29: [35], 36: [42], 43: [49], 2: [44], 9: [], 16: [], 23: [], 30: [], 37: [], 44: [], 3: [45], 10: [], 17: [], 24: [], 31: [], 38: [], 45: [], 4: [46], 11: [], 18: [], 25: [], 32: [], 39: [], 46: [], 5: [47], 12: [], 19: [], 26: [], 33: [], 40: [], 47: [], 6: [48], 13: [], 20: []}
5 3 27
{1: [7, 43], 8: [14], 15: [21], 22: [28], 29: [35], 36: [42], 43: [49], 2: [44], 9: [], 16: [], 23: [], 30: [], 37: [], 44: [], 3: [45], 10: [], 17: [], 24: [], 31: [], 38: [], 45: [], 4: [46], 11: [], 18: [], 25: [], 32: [], 39: [], 46: [], 5: [47], 12: [], 19: [], 26: [], 33: [], 40: [], 47: [], 6: [48], 13: [], 20: [], 27: []}
5 4 34
{1: [7, 43], 8: [14], 15: [21], 22: [28], 29: [35], 36: [42], 43: [49], 2: [44], 9: [], 16: [], 23: [], 30: [], 37: [], 44: [], 3: [45], 10: [], 17: [], 24: [], 31: [], 38: [], 45: [], 4: [46], 11: [], 18: [], 25: [], 32: [], 39: [], 46: [], 5: [47], 12: [], 19: [], 26: [], 33: [], 40: [], 47: [], 6: [48], 13: [], 20: [], 27: [], 34: []}
5 5 41
{1: [7, 43], 8: [14], 15: [21], 22: [28], 29: [35], 36: [42], 43: [49], 2: [44], 9: [], 16: [], 23: [], 30: [], 37: [], 44: [], 3: [45], 10: [], 17: [], 24: [], 31: [], 38: [], 45: [], 4: [46], 11: [], 18: [], 25: [], 32: [], 39: [], 46: [], 5: [47], 12: [], 19: [], 26: [], 33: [], 40: [], 47: [], 6: [48], 13: [], 20: [], 27: [], 34: [], 41: []}
5 6 48
{1: [7, 43], 8: [14], 15: [21], 22: [28], 29: [35], 36: [42], 43: [49], 2: [44], 9: [], 16: [], 23: [], 30: [], 37: [], 44: [], 3: [45], 10: [], 17: [], 24: [], 31: [], 38: [], 45: [], 4: [46], 11: [], 18: [], 25: [], 32: [], 39: [], 46: [], 5: [47], 12: [], 19: [], 26: [], 33: [], 40: [], 47: [], 6: [48], 13: [], 20: [], 27: [], 34: [], 41: [], 48: []}
6 0 7
{1: [7, 43], 8: [14], 15: [21], 22: [28], 29: [35], 36: [42], 43: [49], 2: [44], 9: [], 16: [], 23: [], 30: [], 37: [], 44: [], 3: [45], 10: [], 17: [], 24: [], 31: [], 38: [], 45: [], 4: [46], 11: [], 18: [], 25: [], 32: [], 39: [], 46: [], 5: [47], 12: [], 19: [], 26: [], 33: [], 40: [], 47: [], 6: [48], 13: [], 20: [], 27: [], 34: [], 41: [], 48: [], 7: [49]}
6 1 14
{1: [7, 43], 8: [14], 15: [21], 22: [28], 29: [35], 36: [42], 43: [49], 2: [44], 9: [], 16: [], 23: [], 30: [], 37: [], 44: [], 3: [45], 10: [], 17: [], 24: [], 31: [], 38: [], 45: [], 4: [46], 11: [], 18: [], 25: [], 32: [], 39: [], 46: [], 5: [47], 12: [], 19: [], 26: [], 33: [], 40: [], 47: [], 6: [48], 13: [], 20: [], 27: [], 34: [], 41: [], 48: [], 7: [49], 14: []}
6 2 21
{1: [7, 43], 8: [14], 15: [21], 22: [28], 29: [35], 36: [42], 43: [49], 2: [44], 9: [], 16: [], 23: [], 30: [], 37: [], 44: [], 3: [45], 10: [], 17: [], 24: [], 31: [], 38: [], 45: [], 4: [46], 11: [], 18: [], 25: [], 32: [], 39: [], 46: [], 5: [47], 12: [], 19: [], 26: [], 33: [], 40: [], 47: [], 6: [48], 13: [], 20: [], 27: [], 34: [], 41: [], 48: [], 7: [49], 14: [], 21: []}
6 3 28
{1: [7, 43], 8: [14], 15: [21], 22: [28], 29: [35], 36: [42], 43: [49], 2: [44], 9: [], 16: [], 23: [], 30: [], 37: [], 44: [], 3: [45], 10: [], 17: [], 24: [], 31: [], 38: [], 45: [], 4: [46], 11: [], 18: [], 25: [], 32: [], 39: [], 46: [], 5: [47], 12: [], 19: [], 26: [], 33: [], 40: [], 47: [], 6: [48], 13: [], 20: [], 27: [], 34: [], 41: [], 48: [], 7: [49], 14: [], 21: [], 28: []}
6 4 35
{1: [7, 43], 8: [14], 15: [21], 22: [28], 29: [35], 36: [42], 43: [49], 2: [44], 9: [], 16: [], 23: [], 30: [], 37: [], 44: [], 3: [45], 10: [], 17: [], 24: [], 31: [], 38: [], 45: [], 4: [46], 11: [], 18: [], 25: [], 32: [], 39: [], 46: [], 5: [47], 12: [], 19: [], 26: [], 33: [], 40: [], 47: [], 6: [48], 13: [], 20: [], 27: [], 34: [], 41: [], 48: [], 7: [49], 14: [], 21: [], 28: [], 35: []}
6 5 42
{1: [7, 43], 8: [14], 15: [21], 22: [28], 29: [35], 36: [42], 43: [49], 2: [44], 9: [], 16: [], 23: [], 30: [], 37: [], 44: [], 3: [45], 10: [], 17: [], 24: [], 31: [], 38: [], 45: [], 4: [46], 11: [], 18: [], 25: [], 32: [], 39: [], 46: [], 5: [47], 12: [], 19: [], 26: [], 33: [], 40: [], 47: [], 6: [48], 13: [], 20: [], 27: [], 34: [], 41: [], 48: [], 7: [49], 14: [], 21: [], 28: [], 35: [], 42: []}
6 6 49
{1: [7, 43], 8: [14], 15: [21], 22: [28], 29: [35], 36: [42], 43: [49], 2: [44], 9: [], 16: [], 23: [], 30: [], 37: [], 44: [], 3: [45], 10: [], 17: [], 24: [], 31: [], 38: [], 45: [], 4: [46], 11: [], 18: [], 25: [], 32: [], 39: [], 46: [], 5: [47], 12: [], 19: [], 26: [], 33: [], 40: [], 47: [], 6: [48], 13: [], 20: [], 27: [], 34: [], 41: [], 48: [], 7: [49], 14: [], 21: [], 28: [], 35: [], 42: [], 49: []}
